0 silly input [ 'npm', 'run', 'component-test' ]
1 silly flags { _: [ 'exec' ],
1 silly flags   'reject-cycles': false,
1 silly flags   rejectCycles: false,
1 silly flags   scope: 'jest-puppeteer-image-snapshot',
1 silly flags   command: 'npm',
1 silly flags   args: [ 'run', 'component-test' ] }
2 verbose rootPath /Users/gideon/Documents/GitHub/vrt-examples
3 info version 2.11.0
4 silly existsSync /Users/gideon/Documents/GitHub/vrt-examples/VERSION
5 info scope jest-puppeteer-image-snapshot
6 error EPACKAGES Errored while collecting packages and package graph
7 error Error: No packages found that match scope 'jest-puppeteer-image-snapshot'
7 error     at Function.filterPackages (/Users/gideon/.nvm/versions/node/v8.9.4/lib/node_modules/lerna/lib/PackageUtilities.js:252:17)
7 error     at ExecCommand.runPreparations (/Users/gideon/.nvm/versions/node/v8.9.4/lib/node_modules/lerna/lib/Command.js:333:60)
7 error     at /Users/gideon/.nvm/versions/node/v8.9.4/lib/node_modules/lerna/lib/Command.js:209:18
7 error     at new Promise (<anonymous>)
7 error     at ExecCommand.run (/Users/gideon/.nvm/versions/node/v8.9.4/lib/node_modules/lerna/lib/Command.js:193:14)
7 error     at Object.handler (/Users/gideon/.nvm/versions/node/v8.9.4/lib/node_modules/lerna/lib/commands/ExecCommand.js:45:14)
7 error     at Object.self.runCommand (/Users/gideon/.nvm/versions/node/v8.9.4/lib/node_modules/lerna/node_modules/yargs/lib/command.js:233:22)
7 error     at Object.Yargs.self._parseArgs (/Users/gideon/.nvm/versions/node/v8.9.4/lib/node_modules/lerna/node_modules/yargs/yargs.js:990:30)
7 error     at Object.Yargs.self.parse (/Users/gideon/.nvm/versions/node/v8.9.4/lib/node_modules/lerna/node_modules/yargs/yargs.js:532:23)
